<?xml version="1.0" encoding="UTF-8"?>
<!-- Generated by org.testng.reporters.JUnitReportReporter -->
<testsuite hostname="mindc1d399" failures="0" tests="10" name="com.mindtree.runner.TestCase1" time="68.028" errors="0" timestamp="2022-06-02T09:05:08 IST" skipped="0">
  <testcase classname="com.mindtree.runner.TestCase1" name="test1" time="4.828"/>
  <system-out/>
  <testcase classname="com.mindtree.runner.TestCase1" name="test2" time="3.859"/>
  <system-out/>
  <testcase classname="com.mindtree.runner.TestCase1" name="test3" time="5.852"/>
  <system-out/>
  <testcase classname="com.mindtree.runner.TestCase1" name="test4" time="5.739"/>
  <system-out/>
  <testcase classname="com.mindtree.runner.TestCase1" name="test5" time="3.318"/>
  <system-out/>
  <testcase classname="com.mindtree.runner.TestCase1" name="test6" time="4.422"/>
  <system-out/>
  <testcase classname="com.mindtree.runner.TestCase1" name="test7" time="12.637"/>
  <system-out/>
  <testcase classname="com.mindtree.runner.TestCase1" name="test8" time="6.056"/>
  <system-out/>
  <testcase classname="com.mindtree.runner.TestCase1" name="test9" time="8.628"/>
  <system-out/>
  <testcase classname="com.mindtree.runner.TestCase1" name="test10" time="12.689"/>
  <system-out/>
</testsuite> <!-- com.mindtree.runner.TestCase1 -->
